[23:43:36] [ServerMain/INFO]: [bootstrap] Running Java 21 (OpenJDK 64-Bit Server VM 21.0.6+7-Ubuntu-120.04.1; Ubuntu null) on Linux 6.8.0-1021-azure (amd64)
[23:43:36] [ServerMain/INFO]: [bootstrap] Loading Paper 1.21.1-57-master@b483da4 (2024-09-01T18:09:05Z) for Minecraft 1.21.1
[23:43:36] [ServerMain/INFO]: [PluginInitializerManager] Initializing plugins...
[23:43:36] [ServerMain/INFO]: [PluginInitializerManager] Initialized 0 plugins
[23:43:36] [Paper Plugin Remapper Thread - 1/INFO]: [ReobfServer] Remapping server...
[23:43:45] [ServerMain/INFO]: Environment: Environment[sessionHost=https://sessionserver.mojang.com, servicesHost=https://api.minecraftservices.com, name=PROD]
[23:43:45] [ServerMain/INFO]: Found new data pack file/bukkit, loading it automatically
[23:43:45] [ServerMain/INFO]: Found new data pack paper, loading it automatically
[23:43:46] [ServerMain/INFO]: No existing world data, creating new world
[23:43:46] [Paper Plugin Remapper Thread - 1/INFO]: [ReobfServer] Done remapping server in 9674ms.
[23:43:47] [ServerMain/INFO]: Loaded 1290 recipes
[23:43:47] [ServerMain/INFO]: Loaded 1399 advancements
[23:43:47] [Server thread/INFO]: Starting minecraft server version 1.21.1
[23:43:47] [Server thread/INFO]: Loading properties
[23:43:47] [Server thread/INFO]: This server is running Paper version 1.21.1-57-master@b483da4 (2024-09-01T18:09:05Z) (Implementing API version 1.21.1-R0.1-SNAPSHOT)
[23:43:48] [Server thread/INFO]: [spark] This server bundles the spark profiler. For more information please visit https://docs.papermc.io/paper/profiling
[23:43:48] [Server thread/INFO]: Server Ping Player Sample Count: 12
[23:43:48] [Server thread/INFO]: Using 4 threads for Netty based IO
[23:43:49] [Server thread/INFO]: [ChunkTaskScheduler] Chunk system is using 1 I/O threads, 1 worker threads, and population gen parallelism of 1 threads
[23:43:49] [Server thread/INFO]: Default game type: SURVIVAL
[23:43:49] [Server thread/INFO]: Generating keypair
[23:43:49] [Server thread/INFO]: Starting Minecraft server on *:25565
[23:43:49] [Server thread/INFO]: Using epoll channel type
[23:43:49] [Server thread/INFO]: Paper: Using libdeflate (Linux x86_64) compression from Velocity.
[23:43:49] [Server thread/INFO]: Paper: Using OpenSSL 1.1.x (Linux x86_64) cipher from Velocity.
[23:43:49] [Server thread/WARN]: **** FAILED TO BIND TO PORT!
[23:43:49] [Server thread/WARN]: The exception was: io.netty.channel.unix.Errors$NativeIoException: bind(..) failed: Address already in use
[23:43:49] [Server thread/WARN]: Perhaps a server is already running on that port?
[23:43:49] [Server thread/ERROR]: Encountered an unexpected exception
java.lang.IllegalStateException: Failed to bind to port
	at net.minecraft.server.dedicated.DedicatedServer.initServer(DedicatedServer.java:286) ~[paper-1.21.1.jar:1.21.1-57-b483da4]
	at net.minecraft.server.MinecraftServer.runServer(MinecraftServer.java:1215) ~[paper-1.21.1.jar:1.21.1-57-b483da4]
	at net.minecraft.server.MinecraftServer.lambda$spin$0(MinecraftServer.java:330) ~[paper-1.21.1.jar:1.21.1-57-b483da4]
	at java.base/java.lang.Thread.run(Thread.java:1583) ~[?:?]
Caused by: io.netty.channel.unix.Errors$NativeIoException: bind(..) failed: Address already in use
[23:43:49] [Server thread/ERROR]: This crash report has been saved to: /workspaces/rp.2/servidor_minecraft/crash-reports/crash-2025-04-09_23.43.49-server.txt
[23:43:49] [Server thread/INFO]: Stopping server
[23:43:49] [Server thread/INFO]: Saving players
[23:43:50] [Server thread/INFO]: Saving worlds
[23:43:50] [Server thread/INFO]: ThreadedAnvilChunkStorage: All dimensions are saved
